2025-11-13 11:57:18,233 INFO: Attempting final DB update for job b56f64fd-f92d-4c18-8048-dee9808fdee5; payload (truncated): {"status": "finished", "modelPath": "artifacts/11/b56f64fd-f92d-4c18-8048-dee9808fdee5/model.joblib", "metrics": {"r2": -0.19137896963651402, "rmse": 0.3129547369889867, "cv_mean": -0.15013845720925575, "cv_std": 0.019789047273416405}}
2025-11-13 11:57:18,233 INFO: Prisma update attempt for job b56f64fd-f92d-4c18-8048-dee9808fdee5; payload (truncated): {"status": "finished", "modelPath": "artifacts/11/b56f64fd-f92d-4c18-8048-dee9808fdee5/model.joblib", "metrics": "Json"}
2025-11-13 11:57:18,476 INFO: Prisma update successful for job b56f64fd-f92d-4c18-8048-dee9808fdee5 on attempt 1
2025-11-13 11:57:18,476 INFO: DB updated to finished for job b56f64fd-f92d-4c18-8048-dee9808fdee5
2025-11-13 13:07:48,309 INFO: Attempting final DB update for job 76c569c9-d498-426c-8b72-27b43ef10c8f; payload (truncated): {"status": "finished", "modelPath": "artifacts/11/76c569c9-d498-426c-8b72-27b43ef10c8f/model.joblib", "metrics": {"r2": -0.1870342630219377, "rmse": 0.31238357598677674, "cv_mean": -0.15315314178046782, "cv_std": 0.018021645344838657}}
2025-11-13 13:07:48,310 INFO: Prisma update attempt for job 76c569c9-d498-426c-8b72-27b43ef10c8f; payload (truncated): {"status": "finished", "modelPath": "artifacts/11/76c569c9-d498-426c-8b72-27b43ef10c8f/model.joblib", "metrics": "Json"}
2025-11-13 13:07:48,508 INFO: Prisma update successful for job 76c569c9-d498-426c-8b72-27b43ef10c8f on attempt 1
2025-11-13 13:07:48,508 INFO: DB updated to finished for job 76c569c9-d498-426c-8b72-27b43ef10c8f
2025-11-14 18:54:28,503 INFO: Attempting final DB update for job ce3703ad-fecf-4092-bc15-2798436e1f8d; payload (truncated): {"status": "finished", "modelPath": "artifacts/11/ce3703ad-fecf-4092-bc15-2798436e1f8d/model.joblib", "metrics": {"r2": -0.19564506250407554, "rmse": 0.31351455085318314, "cv_mean": -0.1507336362311881, "cv_std": 0.022064188764655608}}
2025-11-14 18:54:28,505 INFO: Prisma update attempt for job ce3703ad-fecf-4092-bc15-2798436e1f8d; payload (truncated): {"status": "finished", "modelPath": "artifacts/11/ce3703ad-fecf-4092-bc15-2798436e1f8d/model.joblib", "metrics": "Json"}
2025-11-14 18:54:28,768 INFO: Prisma update successful for job ce3703ad-fecf-4092-bc15-2798436e1f8d on attempt 1
2025-11-14 18:54:28,769 INFO: DB updated to finished for job ce3703ad-fecf-4092-bc15-2798436e1f8d
2025-11-14 19:11:22,733 INFO: Prisma update attempt for job 21fc2352-76a5-4522-84c3-a2f2e37c71cd; payload (truncated): {"status": "failed"}
2025-11-14 19:11:22,969 INFO: Prisma update successful for job 21fc2352-76a5-4522-84c3-a2f2e37c71cd on attempt 1
2025-11-14 19:12:22,957 INFO: Prisma update attempt for job d18c4c04-d3e5-4f8a-8791-a8fd1925f247; payload (truncated): {"status": "failed"}
2025-11-14 19:12:23,147 INFO: Prisma update successful for job d18c4c04-d3e5-4f8a-8791-a8fd1925f247 on attempt 1
2025-11-14 19:15:15,219 INFO: Prisma update attempt for job 11f4f32d-d75a-4b8e-9a5c-7a09402f62ae; payload (truncated): {"status": "failed"}
2025-11-14 19:15:15,477 INFO: Prisma update successful for job 11f4f32d-d75a-4b8e-9a5c-7a09402f62ae on attempt 1
2025-11-14 20:02:42,676 INFO: Prisma update attempt for job f92b94e7-0484-4ccf-9978-db1610383a51; payload (truncated): {"status": "failed"}
2025-11-14 20:02:43,000 INFO: Prisma update successful for job f92b94e7-0484-4ccf-9978-db1610383a51 on attempt 1
2025-11-14 20:03:11,926 INFO: Prisma update attempt for job 9a0bac7b-9ddb-4c41-9412-3f0d94610f1b; payload (truncated): {"status": "failed"}
2025-11-14 20:03:12,139 INFO: Prisma update successful for job 9a0bac7b-9ddb-4c41-9412-3f0d94610f1b on attempt 1
2025-11-14 20:07:27,278 INFO: Prisma update attempt for job a95e82e0-ff23-4072-b773-95cc222b5294; payload (truncated): {"status": "failed"}
2025-11-14 20:07:27,497 INFO: Prisma update successful for job a95e82e0-ff23-4072-b773-95cc222b5294 on attempt 1
2025-11-14 20:12:56,712 INFO: Prisma update attempt for job 3e20423a-d66b-458c-8b3f-b3671bde687b; payload (truncated): {"status": "failed"}
2025-11-14 20:12:56,895 INFO: Prisma update successful for job 3e20423a-d66b-458c-8b3f-b3671bde687b on attempt 1
2025-11-14 23:33:06,492 INFO: Prisma update attempt for job b3de82e1-d50e-4485-80f0-176a70bf016e; payload (truncated): {"status": "failed"}
2025-11-14 23:33:06,791 INFO: Prisma update successful for job b3de82e1-d50e-4485-80f0-176a70bf016e on attempt 1
2025-11-14 23:34:34,512 INFO: Prisma update attempt for job 98e31626-49ab-49b5-affc-9003a4f5c0eb; payload (truncated): {"status": "failed"}
2025-11-14 23:34:34,806 INFO: Prisma update successful for job 98e31626-49ab-49b5-affc-9003a4f5c0eb on attempt 1
2025-11-14 23:40:55,578 INFO: Prisma update attempt for job e260c191-2e00-431d-949c-8aa6ac13ea99; payload (truncated): {"status": "failed"}
2025-11-14 23:40:55,904 INFO: Prisma update successful for job e260c191-2e00-431d-949c-8aa6ac13ea99 on attempt 1
2025-11-14 23:41:24,232 INFO: Prisma update attempt for job f4de9028-beae-405c-860c-d8b3c1eb5d53; payload (truncated): {"status": "failed"}
2025-11-14 23:41:24,442 INFO: Prisma update successful for job f4de9028-beae-405c-860c-d8b3c1eb5d53 on attempt 1
2025-11-14 23:42:09,570 INFO: Prisma update attempt for job 81cde44b-f8aa-42c9-80a9-c81808119c7e; payload (truncated): {"status": "failed"}
2025-11-14 23:42:09,773 INFO: Prisma update successful for job 81cde44b-f8aa-42c9-80a9-c81808119c7e on attempt 1
2025-11-14 23:42:34,527 INFO: Prisma update attempt for job e89162b9-82b9-4777-8205-1726af8424ec; payload (truncated): {"status": "failed"}
2025-11-14 23:42:34,714 INFO: Prisma update successful for job e89162b9-82b9-4777-8205-1726af8424ec on attempt 1
